main.py 11:46:23 <--------------Start logging--------------->
mysql_client.py 11:46:25 Database has't been connected
windows.py 11:48:59 Error overwriting data
mysql_client.py 11:49:5 1045 (28000): Access denied for user 'Cobalt'@'localhost' (using password: YES) 
Code: 1045
mysql_client.py 11:49:5 User or password is failed
mysql_client.py 11:50:35 1045 (28000): Access denied for user 'Cobalt1'@'localhost' (using password: YES) 
Code: 1045
mysql_client.py 11:50:35 User or password is failed
mysql_client.py 11:50:46 2003 (HY000): Can't connect to MySQL server on 'localhost:2523' (10061) 
Code: 2003
mysql_client.py 11:50:46 Host is failed
mysql_client.py 11:51:1 1049 (42000): Unknown database 'computer_service1' 
Code: 1049
mysql_client.py 11:51:9 1049 (42000): Unknown database 'computer_service1' 
Code: 1049
mysql_client.py 11:51:17 Login...
['Cobalt', 'localhost:2525', 'Umsf_sqltutor', 'computer_service', 'Cobalt', 'localhost:2525', 'Umsf_sqltutor', 'computer_service1', 'Cobalt', 'localhost:2525', 'Umsf_sqltutor', 'computer_service1', 'Cobalt', 'localhost:2523', 'Umsf_sqltutor', 'computer_service', 'Cobalt1', 'localhost:2525', 'Umsf_sqltutor', 'computer_service', 'Cobalt', 'localhost:2525', 'Umsf_sqltuto', 'computer_service']
mysql_client.py 11:51:21 1049 (42000): Unknown database 'computer_services' 
Code: 1049
mysql_client.py 11:51:26 Login...
['Cobalt', 'localhost:2525', 'Umsf_sqltutor', 'computer_service', 'Cobalt', 'localhost:2525', 'Umsf_sqltutor', 'computer_services', 'Cobalt', 'localhost:2525', 'Umsf_sqltutor', 'computer_service', 'Cobalt', 'localhost:2525', 'Umsf_sqltutor', 'computer_service1', 'Cobalt', 'localhost:2525', 'Umsf_sqltutor', 'computer_service1', 'Cobalt', 'localhost:2523', 'Umsf_sqltutor', 'computer_service', 'Cobalt1', 'localhost:2525', 'Umsf_sqltutor', 'computer_service', 'Cobalt', 'localhost:2525', 'Umsf_sqltuto', 'computer_service']
mysql_client.py 11:51:28 1049 (42000): Unknown database 'computer_services' 
Code: 1049
